Arguments: 
  D:\Softwaregood\node.js\node.exe C:\Users\yuli\AppData\Roaming\npm\node_modules\yarn\bin\yarn.js add node.js-md5

PATH: 
  C:\Program Files\Java\jdk1.8.0_144\bin;C:\Program Files (x86)\Intel\Intel(R) Management Engine Components\DAL;C:\Program Files\Intel\Intel(R) Management Engine Components\IPT;C:\Program Files (x86)\Intel\Intel(R) Management Engine Components\IPT;C:\Program Files\Intel\WiFi\bin\;C:\Program Files\Common Files\Intel\WirelessCommon\;C:\Program Files (x86)\QuickTime\QTSystem\;C:\Program Files\MATLAB\R2016a\runtime\win64;C:\Program Files\MATLAB\R2016a\bin;C:\Program Files\MATLAB\R2016a\polyspace\bin;C:\Program Files (x86)\NVIDIA CorporationC:\Program Files (x86)\Intel\iCLS Client\;C:\Program Files\Intel\iCLS Client\;C:\Windows\system32;C:\Windows;C:\Windows\System32\Wbem;C:\Windows\System32\WindowsPowerShell\v1.0\;C:\Program Files\Intel\Intel(R) Management Engine Components\DA\PhysX\Common;D:\neo\path\apache-maven-3.5.0\bin;C:\Program Files\Java\jdk1.8.0_144;D:\apache-tomcat-8.5.46-windows-x64\apache-tomcat-8.5.46\bin;D:\Softwaregood\Git\cmd;D:\Softwaregood\node.js\;D:\VSCode-win32-x64-1.44.2\bin;C:\Users\yuli\AppData\Roaming\npm;C:\Users\yuli\AppData\Local\Yarn\bin

Yarn version: 
  1.22.10

Node version: 
  14.13.1

Platform: 
  win32 x64

Trace: 
  Error: https://registry.npm.taobao.org/node.js-md5: Not found
      at Request.params.callback [as _callback] (C:\Users\yuli\AppData\Roaming\npm\node_modules\yarn\lib\cli.js:66988:18)
      at Request.self.callback (C:\Users\yuli\AppData\Roaming\npm\node_modules\yarn\lib\cli.js:140662:22)
      at Request.emit (events.js:314:20)
      at Request.<anonymous> (C:\Users\yuli\AppData\Roaming\npm\node_modules\yarn\lib\cli.js:141634:10)
      at Request.emit (events.js:314:20)
      at IncomingMessage.<anonymous> (C:\Users\yuli\AppData\Roaming\npm\node_modules\yarn\lib\cli.js:141556:12)
      at Object.onceWrapper (events.js:420:28)
      at IncomingMessage.emit (events.js:326:22)
      at endReadableNT (_stream_readable.js:1252:12)
      at processTicksAndRejections (internal/process/task_queues.js:80:21)

npm manifest: 
  {
    "name": "translate",
    "version": "0.0.1",
    "main": "main.ts",
    "scripts": {
      "start": "ts-node-dev src/main.ts"
    },
    "author": "SuperPowerZhang <2285546178@qq.com>",
    "license": "MIT",
    "dependencies": {
      "@types/node": "^14.14.6",
      "commander": "^6.2.0"
    }
  }

yarn manifest: 
  No manifest

Lockfile: 
  # THIS IS AN AUTOGENERATED FILE. DO NOT EDIT THIS FILE DIRECTLY.
  # yarn lockfile v1
  
  
  "@types/node@^14.14.6":
    version "14.14.6"
    resolved "https://registry.npm.taobao.org/@types/node/download/@types/node-14.14.6.tgz?cache=0&other_urls=https%3A%2F%2Fregistry.npm.taobao.org%2F%40types%2Fnode%2Fdownload%2F%40types%2Fnode-14.14.6.tgz#146d3da57b3c636cc0d1769396ce1cfa8991147f"
    integrity sha1-FG09pXs8Y2zA0XaTls4c+omRFH8=
  
  commander@^6.2.0:
    version "6.2.0"
    resolved "https://registry.npm.taobao.org/commander/download/commander-6.2.0.tgz?cache=0&sync_timestamp=1603599581184&other_urls=https%3A%2F%2Fregistry.npm.taobao.org%2Fcommander%2Fdownload%2Fcommander-6.2.0.tgz#b990bfb8ac030aedc6d11bc04d1488ffef56db75"
    integrity sha1-uZC/uKwDCu3G0RvATRSI/+9W23U=
